BusJam/Library/Bee/Android/Prj/IL2CPP/Gradle/launcher/build/intermediates/manifest_merge_blame_file/release/manifest-merger-blame-release-report.txt
1<?xml version="1.0" encoding="utf-8"?>
2<manifest xmlns:android="http://schemas.android.com/apk/res/android"
3    package="com.DefaultCompany.BusJamCase"
4    android:installLocation="preferExternal"
5    android:versionCode="1"
6    android:versionName="0.1" >
7
8    <uses-sdk
9        android:minSdkVersion="22"
9-->src\main\AndroidManifest.xml
10        android:targetSdkVersion="35" />
10-->src\main\AndroidManifest.xml
11
12    <supports-screens
12-->src\main\AndroidManifest.xml:4:3-163
13        android:anyDensity="true"
13-->src\main\AndroidManifest.xml:4:135-160
14        android:largeScreens="true"
14-->src\main\AndroidManifest.xml:4:78-105
15        android:normalScreens="true"
15-->src\main\AndroidManifest.xml:4:49-77
16        android:smallScreens="true"
16-->src\main\AndroidManifest.xml:4:21-48
17        android:xlargeScreens="true" />
17-->src\main\AndroidManifest.xml:4:106-134
18
19    <uses-feature android:glEsVersion="0x00030000" />
19-->[:unityLibrary] AndroidManifest.xml:8:5-54
19-->[:unityLibrary] AndroidManifest.xml:8:19-51
20    <uses-feature
20-->[:unityLibrary] AndroidManifest.xml:9:5-11:36
21        android:name="android.hardware.vulkan.version"
21-->[:unityLibrary] AndroidManifest.xml:10:9-55
22        android:required="false" />
22-->[:unityLibrary] AndroidManifest.xml:11:9-33
23    <uses-feature
23-->[:unityLibrary] AndroidManifest.xml:12:5-14:36
24        android:name="android.hardware.touchscreen"
24-->[:unityLibrary] AndroidManifest.xml:13:9-52
25        android:required="false" />
25-->[:unityLibrary] AndroidManifest.xml:14:9-33
26    <uses-feature
26-->[:unityLibrary] AndroidManifest.xml:15:5-17:36
27        android:name="android.hardware.touchscreen.multitouch"
27-->[:unityLibrary] AndroidManifest.xml:16:9-63
28        android:required="false" />
28-->[:unityLibrary] AndroidManifest.xml:17:9-33
29    <uses-feature
29-->[:unityLibrary] AndroidManifest.xml:18:5-20:36
30        android:name="android.hardware.touchscreen.multitouch.distinct"
30-->[:unityLibrary] AndroidManifest.xml:19:9-72
31        android:required="false" /> <!-- Essential Vibration Permission -->
31-->[:unityLibrary] AndroidManifest.xml:20:9-33
32    <uses-permission android:name="android.permission.VIBRATE" /> <!-- For Android 12+ compatibility -->
32-->[:unityLibrary:MOST_HapticAndroid.androidlib] AndroidManifest.xml:8:5-66
32-->[:unityLibrary:MOST_HapticAndroid.androidlib] AndroidManifest.xml:8:22-63
33    <uses-permission android:name="android.permission.USE_FULL_SCREEN_INTENT" /> <!-- Optional: Prevent Doze mode blocking -->
33-->[:unityLibrary:MOST_HapticAndroid.androidlib] AndroidManifest.xml:11:5-81
33-->[:unityLibrary:MOST_HapticAndroid.androidlib] AndroidManifest.xml:11:22-78
34    <uses-permission android:name="android.permission.WAKE_LOCK" />
34-->[:unityLibrary:MOST_HapticAndroid.androidlib] AndroidManifest.xml:14:5-68
34-->[:unityLibrary:MOST_HapticAndroid.androidlib] AndroidManifest.xml:14:22-65
35
36    <application
36-->src\main\AndroidManifest.xml:3:3-83
37        android:allowBackup="true"
37-->[:unityLibrary:MOST_HapticAndroid.androidlib] AndroidManifest.xml:16:18-44
38        android:enableOnBackInvokedCallback="true"
38-->[:unityLibrary] AndroidManifest.xml:23:9-51
39        android:extractNativeLibs="true"
39-->[:unityLibrary] AndroidManifest.xml:24:9-41
40        android:icon="@mipmap/app_icon"
40-->src\main\AndroidManifest.xml:3:49-80
41        android:label="@string/app_name" >
41-->src\main\AndroidManifest.xml:3:16-48
42        <meta-data
42-->[:unityLibrary] AndroidManifest.xml:25:9-27:33
43            android:name="unity.splash-mode"
43-->[:unityLibrary] AndroidManifest.xml:26:13-45
44            android:value="0" />
44-->[:unityLibrary] AndroidManifest.xml:27:13-30
45        <meta-data
45-->[:unityLibrary] AndroidManifest.xml:28:9-30:36
46            android:name="unity.splash-enable"
46-->[:unityLibrary] AndroidManifest.xml:29:13-47
47            android:value="True" />
47-->[:unityLibrary] AndroidManifest.xml:30:13-33
48        <meta-data
48-->[:unityLibrary] AndroidManifest.xml:31:9-33:36
49            android:name="unity.launch-fullscreen"
49-->[:unityLibrary] AndroidManifest.xml:32:13-51
50            android:value="True" />
50-->[:unityLibrary] AndroidManifest.xml:33:13-33
51        <meta-data
51-->[:unityLibrary] AndroidManifest.xml:34:9-36:36
52            android:name="unity.render-outside-safearea"
52-->[:unityLibrary] AndroidManifest.xml:35:13-57
53            android:value="True" />
53-->[:unityLibrary] AndroidManifest.xml:36:13-33
54        <meta-data
54-->[:unityLibrary] AndroidManifest.xml:37:9-39:50
55            android:name="notch.config"
55-->[:unityLibrary] AndroidManifest.xml:38:13-40
56            android:value="portrait|landscape" />
56-->[:unityLibrary] AndroidManifest.xml:39:13-47
57        <meta-data
57-->[:unityLibrary] AndroidManifest.xml:40:9-42:36
58            android:name="unity.auto-report-fully-drawn"
58-->[:unityLibrary] AndroidManifest.xml:41:13-57
59            android:value="true" />
59-->[:unityLibrary] AndroidManifest.xml:42:13-33
60
61        <activity
61-->[:unityLibrary] AndroidManifest.xml:44:9-65:20
62            android:name="com.unity3d.player.UnityPlayerActivity"
62-->[:unityLibrary] AndroidManifest.xml:45:13-66
63            android:configChanges="mcc|mnc|locale|touchscreen|keyboard|keyboardHidden|navigation|orientation|screenLayout|uiMode|screenSize|smallestScreenSize|fontScale|layoutDirection|density"
63-->[:unityLibrary] AndroidManifest.xml:46:13-194
64            android:exported="true"
64-->[:unityLibrary] AndroidManifest.xml:47:13-36
65            android:hardwareAccelerated="false"
65-->[:unityLibrary] AndroidManifest.xml:48:13-48
66            android:launchMode="singleTask"
66-->[:unityLibrary] AndroidManifest.xml:49:13-44
67            android:resizeableActivity="false"
67-->[:unityLibrary] AndroidManifest.xml:50:13-47
68            android:screenOrientation="fullUser"
68-->[:unityLibrary] AndroidManifest.xml:51:13-49
69            android:theme="@style/UnityThemeSelector" >
69-->[:unityLibrary] AndroidManifest.xml:52:13-54
70            <intent-filter>
70-->[:unityLibrary] AndroidManifest.xml:53:13-57:29
71                <category android:name="android.intent.category.LAUNCHER" />
71-->[:unityLibrary] AndroidManifest.xml:54:17-77
71-->[:unityLibrary] AndroidManifest.xml:54:27-74
72
73                <action android:name="android.intent.action.MAIN" />
73-->[:unityLibrary] AndroidManifest.xml:56:17-69
73-->[:unityLibrary] AndroidManifest.xml:56:25-66
74            </intent-filter>
75
76            <meta-data
76-->[:unityLibrary] AndroidManifest.xml:59:13-61:40
77                android:name="unityplayer.UnityActivity"
77-->[:unityLibrary] AndroidManifest.xml:60:17-57
78                android:value="true" />
78-->[:unityLibrary] AndroidManifest.xml:61:17-37
79            <meta-data
79-->[:unityLibrary] AndroidManifest.xml:62:13-64:40
80                android:name="notch_support"
80-->[:unityLibrary] AndroidManifest.xml:63:17-45
81                android:value="true" />
81-->[:unityLibrary] AndroidManifest.xml:64:17-37
82        </activity>
83    </application>
84
85</manifest>